C:\Users\ollie\DatingApp\DatingApp.API\DatingApp-SPA\dist\out-tsc\e2e\src\app.po.js
C:\Users\ollie\DatingApp\DatingApp.API\DatingApp-SPA\dist\out-tsc\e2e\src\app.po.js.map
C:\Users\ollie\DatingApp\DatingApp.API\DatingApp-SPA\dist\out-tsc\e2e\src\app.e2e-spec.js
C:\Users\ollie\DatingApp\DatingApp.API\DatingApp-SPA\dist\out-tsc\e2e\src\app.e2e-spec.js.map
C:\Users\ollie\DatingApp\DatingApp.API\DatingApp-SPA\dist\out-tsc\src\app\app.component.js
C:\Users\ollie\DatingApp\DatingApp.API\DatingApp-SPA\dist\out-tsc\src\app\app.component.js.map
C:\Users\ollie\DatingApp\DatingApp.API\DatingApp-SPA\dist\out-tsc\src\app\value\value.component.js
C:\Users\ollie\DatingApp\DatingApp.API\DatingApp-SPA\dist\out-tsc\src\app\value\value.component.js.map
C:\Users\ollie\DatingApp\DatingApp.API\DatingApp-SPA\dist\out-tsc\src\app\app.module.js
C:\Users\ollie\DatingApp\DatingApp.API\DatingApp-SPA\dist\out-tsc\src\app\app.module.js.map
C:\Users\ollie\DatingApp\DatingApp.API\DatingApp-SPA\dist\out-tsc\src\environments\environment.js
C:\Users\ollie\DatingApp\DatingApp.API\DatingApp-SPA\dist\out-tsc\src\environments\environment.js.map
C:\Users\ollie\DatingApp\DatingApp.API\DatingApp-SPA\dist\out-tsc\src\main.js
C:\Users\ollie\DatingApp\DatingApp.API\DatingApp-SPA\dist\out-tsc\src\main.js.map
C:\Users\ollie\DatingApp\DatingApp.API\DatingApp-SPA\dist\out-tsc\src\polyfills.js
C:\Users\ollie\DatingApp\DatingApp.API\DatingApp-SPA\dist\out-tsc\src\polyfills.js.map
C:\Users\ollie\DatingApp\DatingApp.API\DatingApp-SPA\dist\out-tsc\src\test.js
C:\Users\ollie\DatingApp\DatingApp.API\DatingApp-SPA\dist\out-tsc\src\test.js.map
C:\Users\ollie\DatingApp\DatingApp.API\DatingApp-SPA\dist\out-tsc\src\app\app.component.spec.js
C:\Users\ollie\DatingApp\DatingApp.API\DatingApp-SPA\dist\out-tsc\src\app\app.component.spec.js.map
C:\Users\ollie\DatingApp\DatingApp.API\DatingApp-SPA\dist\out-tsc\src\app\value\value.component.spec.js
C:\Users\ollie\DatingApp\DatingApp.API\DatingApp-SPA\dist\out-tsc\src\app\value\value.component.spec.js.map
C:\Users\ollie\DatingApp\DatingApp.API\DatingApp-SPA\dist\out-tsc\src\environments\environment.prod.js
C:\Users\ollie\DatingApp\DatingApp.API\DatingApp-SPA\dist\out-tsc\src\environments\environment.prod.js.map
